#
# A fatal error has been detected by the Java Runtime Environment:
#
#  SIGBUS (0xa) at pc=0x000000010c02b52a, pid=2277, tid=6403
#
# JRE version: Java(TM) SE Runtime Environment (8.0_05-b13) (build 1.8.0_05-b13)
# Java VM: Java HotSpot(TM) 64-Bit Server VM (25.5-b02 mixed mode bsd-amd64 compressed oops)
# Problematic frame:
# j  java.lang.NullPointerException.<init>()V+0
#
# Failed to write core dump. Core dumps have been disabled. To enable core dumping, try "ulimit -c unlimited" before starting Java again
#
# If you would like to submit a bug report, please visit:
#   http://bugreport.sun.com/bugreport/crash.jsp
#

---------------  T H R E A D  ---------------

Current thread (0x00007ffc3c00e000):  JavaThread "main" [_thread_in_Java, id=6403, stack(0x000000010b670000,0x000000010b770000)]

siginfo:si_signo=SIGBUS: si_errno=0, si_code=2 (BUS_ADRERR), si_addr=0x00000001860ff888

Registers:
RAX=0x00000002019fecd0, RBX=0x000000020182c2e0, RCX=0x0000000000000008, RDX=0x0000000000000008
RSP=0x0000000186107888, RBP=0x00000001861078c8, RSI=0x0000000000000007, RDI=0x0000000000000000
R8 =0x00007ffc3c00e000, R9 =0x00007ffc3c00e000, R10=0x0000000000000000, R11=0x0000000000000202
R12=0x0000000000000000, R13=0x000000020182c2d0, R14=0x00000001861078d8, R15=0x00007ffc3c00e000
RIP=0x000000010c02b52a, EFLAGS=0x0000000000010202, ERR=0x0000000000000006
  TRAPNO=0x000000000000000e

Top of Stack: (sp=0x0000000186107888)
0x0000000186107888:   0000000186107888 000000020182c2d0
0x0000000186107898:   00000001861078d8 00000002018fcaa8
0x00000001861078a8:   0000000000000000 000000020182c2e0
0x00000001861078b8:   0000000000000000 00000001861078d8
0x00000001861078c8:   0000000186107940 000000010c0164e7
0x00000001861078d8:   0000000186108100 0000000200001fa0
0x00000001861078e8:   000000000000000a 00007ffc3c00e000
0x00000001861078f8:   0000000000000001 000000010c01645f
0x0000000186107908:   000000020182c2e0 00000001861079d8
0x0000000186107918:   0000000186107bc0 000000020000000a
0x0000000186107928:   000000020182c2e0 000000010c02b2e0
0x0000000186107938:   0000000186107cc8 0000000186107af0
0x0000000186107948:   000000010aa5e186 0000000000000001
0x0000000186107958:   00007ffc3c00e000 00007ffc3c00e000
0x0000000186107968:   0000000186107bc0 00007ffc3bc11728
0x0000000186107978:   000000010c02b2e0 000000020182c2e0
0x0000000186107988:   0000000186107cc8 0000000186107bb8
0x0000000186107998:   00007ffc3c00e000 00007ffc3c00e000
0x00000001861079a8:   00007ffc3bc11de0 00007ffc3bc11710
0x00000001861079b8:   00007ffc3bc11730 00007ffc3bc117f8
0x00000001861079c8:   00000000000000d8 000000010b76fa10
0x00000001861079d8:   00007ffc3c00e000 00007ffc3bd08640
0x00000001861079e8:   000000020182c2e0 0000000186108100
0x00000001861079f8:   0000000186107df0 0000000000000000
0x0000000186107a08:   000000010b76f870 0000000186107bb8
0x0000000186107a18:   00007ffc3c00e000 0000000186107b00
0x0000000186107a28:   000000020182c2e0 00007ffc3c00e000
0x0000000186107a38:   0000000a00000001 0000000000000004
0x0000000186107a48:   0000000000000000 ff006e55346d36b6
0x0000000186107a58:   000000020182c2e0 00007ffc3c00e000
0x0000000186107a68:   000000020182c2e0 0000000000000000
0x0000000186107a78:   000000020182c2e0 00007ffc3c00e000 

Instructions: (pc=0x000000010c02b52a)
0x000000010c02b50a:   00 d0 ff ff 89 84 24 00 c0 ff ff 89 84 24 00 b0
0x000000010c02b51a:   ff ff 89 84 24 00 a0 ff ff 89 84 24 00 90 ff ff
0x000000010c02b52a:   89 84 24 00 80 ff ff 89 84 24 00 70 ff ff 89 84
0x000000010c02b53a:   24 00 60 ff ff 89 84 24 00 50 ff ff 89 84 24 00 

Register to memory mapping:

RAX=0x00000002019fecd0 is an unknown value
RBX=0x000000020182c2e0 is an unknown value
RCX=0x0000000000000008 is an unknown value
RDX=0x0000000000000008 is an unknown value
RSP=0x0000000186107888 is an oop
